<?xml version="1.0" encoding="UTF-8"?>
<!-- Generated by org.testng.reporters.JUnitReportReporter -->
<testsuite hostname="LAPTOP-DJBK0729" failures="0" tests="1" name="testhome.TestGoMapfrePage" time="21.506" errors="0" timestamp="2020-02-09T16:30:11 EST" skipped="0">
  <testcase classname="testhome.TestGoMapfrePage" name="testGetPicture" time="21.506"/>
  <system-out/>
</testsuite> <!-- testhome.TestGoMapfrePage -->
