<?xml version="1.0" encoding="UTF-8"?>
<!-- Generated by org.testng.reporters.JUnitReportReporter -->
<testsuite hostname="LAPTOP-DJBK0729" failures="0" tests="1" name="testhome.TestAboutPage" time="19.596" errors="0" timestamp="2020-02-19T00:03:32 EST" skipped="0">
  <testcase classname="testhome.TestAboutPage" name="searchBoxInput" time="19.596"/>
  <system-out/>
</testsuite> <!-- testhome.TestAboutPage -->
